<?xml version="1.0" encoding="UTF-8"?>
<!-- Generated by org.testng.reporters.JUnitXMLReporter -->
<testsuite hostname="DESKTOP-N3MN20P" ignored="0" name="Test" tests="4" failures="0" timestamp="2020-12-03T16:26:55 CET" time="0.078" errors="0">
  <testcase name="deleteTwitter" time="0.008" classname="qaclickacademy.MavenJava.RestAPITest"/>
  <testcase name="postJIRA" time="0.001" classname="qaclickacademy.MavenJava.RestAPITest"/>
  <testcase name="BrowserAutomation" time="0.001" classname="qaclickacademy.MavenJava.SeleniumTest"/>
  <testcase name="elementsUI" time="0.001" classname="qaclickacademy.MavenJava.SeleniumTest"/>
</testsuite> <!-- Test -->
