<?xml version="1.0" encoding="UTF-8"?>
<testng-results skipped="0" failed="0" ignored="0" total="2" passed="2">
  <reporter-output>
  </reporter-output>
  <suite name="Surefire suite" duration-ms="82" started-at="2020-12-03T16:30:52 CET" finished-at="2020-12-03T16:30:52 CET">
    <groups>
    </groups>
    <test name="Surefire test" duration-ms="82" started-at="2020-12-03T16:30:52 CET" finished-at="2020-12-03T16:30:52 CET">
      <class name="qaclickacademy.MavenJava.AppiumTest">
        <test-method status="PASS" signature="IOSApps()[pri:0, instance:qaclickacademy.MavenJava.AppiumTest@370736d9]" name="IOSApps" duration-ms="10" started-at="2020-12-03T16:30:52 CET" finished-at="2020-12-03T16:30:52 CET">
          <reporter-output>
          </reporter-output>
        </test-method> <!-- IOSApps -->
        <test-method status="PASS" signature="NativeAppAndroid()[pri:0, instance:qaclickacademy.MavenJava.AppiumTest@370736d9]" name="NativeAppAndroid" duration-ms="0" started-at="2020-12-03T16:30:52 CET" finished-at="2020-12-03T16:30:52 CET">
          <reporter-output>
          </reporter-output>
        </test-method> <!-- NativeAppAndroid -->
      </class> <!-- qaclickacademy.MavenJava.AppiumTest -->
    </test> <!-- Surefire test -->
  </suite> <!-- Surefire suite -->
</testng-results>
